<?xml version="1.0" encoding="UTF-8"?>
<!-- Generated by org.testng.reporters.JUnitReportReporter -->
<testsuite hostname="LAPTOP-1I0UICJP" failures="0" tests="1" name="com.testcases.DELETE" time="0.804" errors="0" timestamp="2022-01-11T14:52:13 PST" skipped="0">
  <testcase classname="com.testcases.DELETE" name="delete" time="0.804"/>
  <system-out/>
</testsuite> <!-- com.testcases.DELETE -->
