<?xml version="1.0" encoding="UTF-8"?>
<!-- Generated by org.testng.reporters.JUnitReportReporter -->
<testsuite hostname="LAPTOP-1I0UICJP" failures="0" tests="1" name="com.testcases.Simplebooks_DELETE" time="0.012" errors="0" timestamp="2022-01-11T22:13:26 PST" skipped="0">
  <testcase classname="com.testcases.Simplebooks_DELETE" name="status" time="0.012"/>
  <system-out/>
</testsuite> <!-- com.testcases.Simplebooks_DELETE -->
