<?xml version="1.0" encoding="UTF-8"?>
<!-- Generated by org.testng.reporters.JUnitReportReporter -->
<testsuite hostname="LAPTOP-1I0UICJP" failures="0" tests="2" name="com.testcases.POST" time="0.038" errors="0" timestamp="2022-01-11T19:42:56 PST" skipped="0">
  <testcase classname="com.testcases.POST" name="dataValidation" time="0.035"/>
  <system-out/>
  <testcase classname="com.testcases.POST" name="headerValidation" time="0.003"/>
  <system-out/>
</testsuite> <!-- com.testcases.POST -->
