<?xml version="1.0" encoding="UTF-8"?>
<!-- Generated by org.testng.reporters.JUnitReportReporter -->
<testsuite hostname="LAPTOP-1I0UICJP" failures="0" tests="6" name="com.testcases.GET" time="0.027" errors="0" timestamp="2022-01-11T22:54:08 PST" skipped="0">
  <testcase classname="com.testcases.GET" name="getValuesFromJSONResponse" time="0.005"/>
  <system-out/>
  <testcase classname="com.testcases.GET" name="getValuesFromJSONResponse" time="0.004"/>
  <system-out/>
  <testcase classname="com.testcases.GET" name="getValuesFromJSONResponse" time="0.009"/>
  <system-out/>
  <testcase classname="com.testcases.GET" name="getValuesFromJSONResponse" time="0.004"/>
  <system-out/>
  <testcase classname="com.testcases.GET" name="getValuesFromJSONResponse" time="0.003"/>
  <system-out/>
  <testcase classname="com.testcases.GET" name="getValuesFromJSONResponse" time="0.002"/>
  <system-out/>
</testsuite> <!-- com.testcases.GET -->
