<?xml version="1.0" encoding="UTF-8"?>
<!-- Generated by org.testng.reporters.JUnitReportReporter -->
<testsuite hostname="LAPTOP-1I0UICJP" failures="0" tests="1" name="com.testcases.PUT" time="0.999" errors="0" timestamp="2022-01-11T15:05:34 PST" skipped="0">
  <testcase classname="com.testcases.PUT" name="put" time="0.999"/>
  <system-out/>
</testsuite> <!-- com.testcases.PUT -->
